#
# There is insufficient memory for the Java Runtime Environment to continue.
# Native memory allocation (malloc) failed to allocate 1925936 bytes for Chunk::new
# Possible reasons:
#   The system is out of physical RAM or swap space
#   In 32 bit mode, the process size limit was hit
# Possible solutions:
#   Reduce memory load on the system
#   Increase physical memory or swap space
#   Check if swap backing store is full
#   Use 64 bit Java on a 64 bit OS
#   Decrease Java heap size (-Xmx/-Xms)
#   Decrease number of Java threads
#   Decrease Java thread stack sizes (-Xss)
#   Set larger code cache with -XX:ReservedCodeCacheSize=
# This output file may be truncated or incomplete.
#
#  Out of Memory Error (allocation.cpp:390), pid=98964, tid=0x0000000000018358
#
# JRE version: OpenJDK Runtime Environment (8.0_152-b01) (build 1.8.0_152-release-915-b01)
# Java VM: OpenJDK 64-Bit Server VM (25.152-b01 mixed mode windows-amd64 compressed oops)
# Failed to write core dump. Minidumps are not enabled by default on client versions of Windows
#

---------------  T H R E A D  ---------------

Current thread (0x00000000164eb000):  JavaThread "C2 CompilerThread1" daemon [_thread_in_native, id=99160, stack(0x0000000017f00000,0x0000000018000000)]

Stack: [0x0000000017f00000,0x0000000018000000]
[error occurred during error reporting (printing stack bounds), id 0xc0000005]

Native frames: (J=compiled Java code, j=interpreted, Vv=VM code, C=native code)


Current CompileTask:
C2: 138306 8321   !   4       java.io.ObjectOutputStream::writeObject0 (619 bytes)


---------------  P R O C E S S  ---------------

Java Threads: ( => current thread )
  0x000000001b721000 JavaThread "Memory manager" [_thread_blocked, id=98628, stack(0x0000000020df0000,0x0000000020ef0000)]
  0x000000001b720800 JavaThread "build operations Thread 4" [_thread_blocked, id=98680, stack(0x00000000204f0000,0x00000000205f0000)]
  0x0000000019278800 JavaThread "build operations Thread 3" [_thread_blocked, id=99048, stack(0x00000000203f0000,0x00000000204f0000)]
  0x0000000019277000 JavaThread "build operations Thread 2" [_thread_in_Java, id=99092, stack(0x0000000020030000,0x0000000020130000)]
  0x000000001927d000 JavaThread "build operations" [_thread_blocked, id=99012, stack(0x000000001f880000,0x000000001f980000)]
  0x0000000019278000 JavaThread "Cache worker for Artifact transforms cache (C:\Users\kinso\.gradle\caches\transforms-1)" [_thread_blocked, id=85044, stack(0x000000001cf50000,0x000000001d050000)]
  0x0000000018809800 JavaThread "Cache worker for file hash cache (C:\Users\kinso\AndroidStudioProjects\testmarket\.gradle\4.1\fileHashes)" [_thread_blocked, id=92524, stack(0x000000001bc80000,0x000000001bd80000)]
  0x00000000186c2000 JavaThread "File lock request listener" [_thread_in_native, id=92564, stack(0x000000001abb0000,0x000000001acb0000)]
  0x0000000017a66000 JavaThread "Cache worker for file hash cache (C:\Users\kinso\.gradle\caches\4.1\fileHashes)" [_thread_blocked, id=89848, stack(0x000000001aab0000,0x000000001abb0000)]
  0x00000000185fd800 JavaThread "Asynchronous log dispatcher for DefaultDaemonConnection: socket connection from /127.0.0.1:7982 to /127.0.0.1:7983" [_thread_in_Java, id=97928, stack(0x000000001a6b0000,0x000000001a7b0000)]
  0x00000000185fd000 JavaThread "Daemon worker" [_thread_blocked, id=97820, stack(0x000000001a5b0000,0x000000001a6b0000)]
  0x000000001903d000 JavaThread "Cancel handler" [_thread_blocked, id=92172, stack(0x000000001a4b0000,0x000000001a5b0000)]
  0x0000000018b12800 JavaThread "Handler for socket connection from /127.0.0.1:7982 to /127.0.0.1:7983" [_thread_in_native, id=91812, stack(0x000000001a1b0000,0x000000001a2b0000)]
  0x00000000188bf000 JavaThread "Daemon" [_thread_blocked, id=98396, stack(0x000000001a0b0000,0x000000001a1b0000)]
  0x0000000018bfe000 JavaThread "Daemon periodic checks" [_thread_blocked, id=75456, stack(0x0000000019fb0000,0x000000001a0b0000)]
  0x0000000018cca000 JavaThread "Incoming local TCP Connector on port 7982" [_thread_in_native, id=99244, stack(0x0000000019dd0000,0x0000000019ed0000)]
  0x0000000017879000 JavaThread "Service Thread" daemon [_thread_blocked, id=99168, stack(0x0000000018100000,0x0000000018200000)]
  0x000000001784f000 JavaThread "C1 CompilerThread2" daemon [_thread_blocked, id=99164, stack(0x0000000018000000,0x0000000018100000)]
=>0x00000000164eb000 JavaThread "C2 CompilerThread1" daemon [_thread_in_native, id=99160, stack(0x0000000017f00000,0x0000000018000000)]
  0x00000000164e9000 JavaThread "C2 CompilerThread0" daemon [_thread_in_vm, id=99156, stack(0x0000000017e00000,0x0000000017f00000)]
  0x00000000164e8800 JavaThread "Attach Listener" daemon [_thread_blocked, id=99152, stack(0x0000000017d00000,0x0000000017e00000)]
  0x000000001649c800 JavaThread "Signal Dispatcher" daemon [_thread_blocked, id=99148, stack(0x0000000017c00000,0x0000000017d00000)]
  0x0000000002b1c000 JavaThread "Finalizer" daemon [_thread_blocked, id=99144, stack(0x0000000017700000,0x0000000017800000)]
  0x0000000002b11800 JavaThread "Reference Handler" daemon [_thread_blocked, id=99140, stack(0x0000000017600000,0x0000000017700000)]
  0x0000000002a22800 JavaThread "main" [_thread_blocked, id=99096, stack(0x0000000002920000,0x0000000002a20000)]

Other Threads:
  0x0000000016455800 VMThread [stack: 0x0000000017500000,0x0000000017600000] [id=99136]
  0x000000001787a000 WatcherThread [stack: 0x0000000018200000,0x0000000018300000] [id=99172]

VM state:not at safepoint (normal execution)

VM Mutex/Monitor currently owned by a thread: None

Heap:
 PSYoungGen      total 150528K, used 112546K [0x00000000e0000000, 0x00000000ec680000, 0x0000000100000000)
  eden space 132096K, 73% used [0x00000000e0000000,0x00000000e5e435a8,0x00000000e8100000)
  from space 18432K, 86% used [0x00000000e8100000,0x00000000e90a5610,0x00000000e9300000)
  to   space 20480K, 0% used [0x00000000eb280000,0x00000000eb280000,0x00000000ec680000)
 ParOldGen       total 137216K, used 35494K [0x00000000a0000000, 0x00000000a8600000, 0x00000000e0000000)
  object space 137216K, 25% used [0x00000000a0000000,0x00000000a22a9a40,0x00000000a8600000)
 Metaspace       used 63357K, capacity 65698K, committed 65752K, reserved 1105920K
  class space    used 8585K, capacity 9175K, committed 9216K, reserved 1048576K

Card table byte_map: [0x0000000011ee0000,0x00000000121f0000] byte_map_base: 0x00000000119e0000

Marking Bits: (ParMarkBitMap*) 0x000000006cde3950
 Begin Bits: [0x00000000127f0000, 0x0000000013ff0000)
 End Bits:   [0x0000000013ff0000, 0x00000000157f0000)

Polling page: 0x0000000000ab0000

CodeCache: size=245760Kb used=25805Kb max_used=25847Kb free=219954Kb
 bounds [0x0000000002b20000, 0x0000000004480000, 0x0000000011b20000]
 total_blobs=8372 nmethods=7568 adapters=716
 compilation: enabled

Compilation events (10 events):
Event: 138.169 Thread 0x000000001784f000 8387       3       kotlin.reflect.jvm.internal.KCallableImpl::getVisibility (13 bytes)
Event: 138.169 Thread 0x000000001784f000 nmethod 8387 0x0000000004450610 code [0x00000000044507a0, 0x0000000004450aa8]
Event: 138.171 Thread 0x000000001784f000 8388       3       sun.reflect.ClassFileAssembler::opc_aload_2 (24 bytes)
Event: 138.172 Thread 0x000000001784f000 nmethod 8388 0x0000000004450b90 code [0x0000000004450d20, 0x00000000044510c8]
Event: 138.174 Thread 0x000000001784f000 8389       3       sun.reflect.AccessorGenerator::isStatic (8 bytes)
Event: 138.174 Thread 0x000000001784f000 nmethod 8389 0x0000000004451250 code [0x00000000044513c0, 0x00000000044515d0]
Event: 138.176 Thread 0x000000001784f000 8390       3       sun.reflect.ClassFileAssembler::opc_checkcast (12 bytes)
Event: 138.177 Thread 0x000000001784f000 nmethod 8390 0x0000000004451690 code [0x0000000004451840, 0x0000000004451cc8]
Event: 138.206 Thread 0x000000001784f000 8392       1       java.util.concurrent.ConcurrentLinkedQueue$Node::casItem (13 bytes)
Event: 138.206 Thread 0x000000001784f000 nmethod 8392 0x0000000004452010 code [0x0000000004452160, 0x00000000044522b0]

GC Heap History (10 events):
Event: 122.797 GC heap before
{Heap before GC invocations=12 (full 2):
 PSYoungGen      total 102400K, used 91136K [0x00000000e0000000, 0x00000000e9480000, 0x0000000100000000)
  eden space 91136K, 100% used [0x00000000e0000000,0x00000000e5900000,0x00000000e5900000)
  from space 11264K, 0% used [0x00000000e5900000,0x00000000e5900000,0x00000000e6400000)
  to   space 11264K, 0% used [0x00000000e8980000,0x00000000e8980000,0x00000000e9480000)
 ParOldGen       total 89600K, used 16859K [0x00000000a0000000, 0x00000000a5780000, 0x00000000e0000000)
  object space 89600K, 18% used [0x00000000a0000000,0x00000000a1076e48,0x00000000a5780000)
 Metaspace       used 43519K, capacity 44416K, committed 44760K, reserved 1087488K
  class space    used 5748K, capacity 6087K, committed 6144K, reserved 1048576K
Event: 122.826 GC heap after
Heap after GC invocations=12 (full 2):
 PSYoungGen      total 121856K, used 9342K [0x00000000e0000000, 0x00000000e9300000, 0x0000000100000000)
  eden space 112128K, 0% used [0x00000000e0000000,0x00000000e0000000,0x00000000e6d80000)
  from space 9728K, 96% used [0x00000000e8980000,0x00000000e929f9f0,0x00000000e9300000)
  to   space 11776K, 0% used [0x00000000e7c00000,0x00000000e7c00000,0x00000000e8780000)
 ParOldGen       total 89600K, used 16867K [0x00000000a0000000, 0x00000000a5780000, 0x00000000e0000000)
  object space 89600K, 18% used [0x00000000a0000000,0x00000000a1078e48,0x00000000a5780000)
 Metaspace       used 43519K, capacity 44416K, committed 44760K, reserved 1087488K
  class space    used 5748K, capacity 6087K, committed 6144K, reserved 1048576K
}
Event: 127.680 GC heap before
{Heap before GC invocations=13 (full 2):
 PSYoungGen      total 121856K, used 121470K [0x00000000e0000000, 0x00000000e9300000, 0x0000000100000000)
  eden space 112128K, 100% used [0x00000000e0000000,0x00000000e6d80000,0x00000000e6d80000)
  from space 9728K, 96% used [0x00000000e8980000,0x00000000e929f9f0,0x00000000e9300000)
  to   space 11776K, 0% used [0x00000000e7c00000,0x00000000e7c00000,0x00000000e8780000)
 ParOldGen       total 89600K, used 16867K [0x00000000a0000000, 0x00000000a5780000, 0x00000000e0000000)
  object space 89600K, 18% used [0x00000000a0000000,0x00000000a1078e48,0x00000000a5780000)
 Metaspace       used 50556K, capacity 51782K, committed 51928K, reserved 1093632K
  class space    used 6661K, capacity 7043K, committed 7168K, reserved 1048576K
Event: 127.709 GC heap after
Heap after GC invocations=13 (full 2):
 PSYoungGen      total 138752K, used 11748K [0x00000000e0000000, 0x00000000ea100000, 0x0000000100000000)
  eden space 126976K, 0% used [0x00000000e0000000,0x00000000e0000000,0x00000000e7c00000)
  from space 11776K, 99% used [0x00000000e7c00000,0x00000000e8779290,0x00000000e8780000)
  to   space 14336K, 0% used [0x00000000e9300000,0x00000000e9300000,0x00000000ea100000)
 ParOldGen       total 89600K, used 20234K [0x00000000a0000000, 0x00000000a5780000, 0x00000000e0000000)
  object space 89600K, 22% used [0x00000000a0000000,0x00000000a13c2810,0x00000000a5780000)
 Metaspace       used 50556K, capacity 51782K, committed 51928K, reserved 1093632K
  class space    used 6661K, capacity 7043K, committed 7168K, reserved 1048576K
}
Event: 130.763 GC heap before
{Heap before GC invocations=14 (full 2):
 PSYoungGen      total 138752K, used 109126K [0x00000000e0000000, 0x00000000ea100000, 0x0000000100000000)
  eden space 126976K, 76% used [0x00000000e0000000,0x00000000e5f18570,0x00000000e7c00000)
  from space 11776K, 99% used [0x00000000e7c00000,0x00000000e8779290,0x00000000e8780000)
  to   space 14336K, 0% used [0x00000000e9300000,0x00000000e9300000,0x00000000ea100000)
 ParOldGen       total 89600K, used 20234K [0x00000000a0000000, 0x00000000a5780000, 0x00000000e0000000)
  object space 89600K, 22% used [0x00000000a0000000,0x00000000a13c2810,0x00000000a5780000)
 Metaspace       used 57014K, capacity 58896K, committed 59028K, reserved 1099776K
  class space    used 7667K, capacity 8129K, committed 8192K, reserved 1048576K
Event: 130.803 GC heap after
Heap after GC invocations=14 (full 2):
 PSYoungGen      total 146432K, used 14312K [0x00000000e0000000, 0x00000000ebc80000, 0x0000000100000000)
  eden space 132096K, 0% used [0x00000000e0000000,0x00000000e0000000,0x00000000e8100000)
  from space 14336K, 99% used [0x00000000e9300000,0x00000000ea0fa020,0x00000000ea100000)
  to   space 18432K, 0% used [0x00000000e8100000,0x00000000e8100000,0x00000000e9300000)
 ParOldGen       total 89600K, used 27299K [0x00000000a0000000, 0x00000000a5780000, 0x00000000e0000000)
  object space 89600K, 30% used [0x00000000a0000000,0x00000000a1aa8d20,0x00000000a5780000)
 Metaspace       used 57014K, capacity 58896K, committed 59028K, reserved 1099776K
  class space    used 7667K, capacity 8129K, committed 8192K, reserved 1048576K
}
Event: 130.803 GC heap before
{Heap before GC invocations=15 (full 3):
 PSYoungGen      total 146432K, used 14312K [0x00000000e0000000, 0x00000000ebc80000, 0x0000000100000000)
  eden space 132096K, 0% used [0x00000000e0000000,0x00000000e0000000,0x00000000e8100000)
  from space 14336K, 99% used [0x00000000e9300000,0x00000000ea0fa020,0x00000000ea100000)
  to   space 18432K, 0% used [0x00000000e8100000,0x00000000e8100000,0x00000000e9300000)
 ParOldGen       total 89600K, used 27299K [0x00000000a0000000, 0x00000000a5780000, 0x00000000e0000000)
  object space 89600K, 30% used [0x00000000a0000000,0x00000000a1aa8d20,0x00000000a5780000)
 Metaspace       used 57014K, capacity 58896K, committed 59028K, reserved 1099776K
  class space    used 7667K, capacity 8129K, committed 8192K, reserved 1048576K
Event: 131.328 GC heap after
Heap after GC invocations=15 (full 3):
 PSYoungGen      total 146432K, used 0K [0x00000000e0000000, 0x00000000ebc80000, 0x0000000100000000)
  eden space 132096K, 0% used [0x00000000e0000000,0x00000000e0000000,0x00000000e8100000)
  from space 14336K, 0% used [0x00000000e9300000,0x00000000e9300000,0x00000000ea100000)
  to   space 18432K, 0% used [0x00000000e8100000,0x00000000e8100000,0x00000000e9300000)
 ParOldGen       total 137216K, used 35486K [0x00000000a0000000, 0x00000000a8600000, 0x00000000e0000000)
  object space 137216K, 25% used [0x00000000a0000000,0x00000000a22a7a40,0x00000000a8600000)
 Metaspace       used 56990K, capacity 58808K, committed 59028K, reserved 1099776K
  class space    used 7660K, capacity 8121K, committed 8192K, reserved 1048576K
}
Event: 135.384 GC heap before
{Heap before GC invocations=16 (full 3):
 PSYoungGen      total 146432K, used 132096K [0x00000000e0000000, 0x00000000ebc80000, 0x0000000100000000)
  eden space 132096K, 100% used [0x00000000e0000000,0x00000000e8100000,0x00000000e8100000)
  from space 14336K, 0% used [0x00000000e9300000,0x00000000e9300000,0x00000000ea100000)
  to   space 18432K, 0% used [0x00000000e8100000,0x00000000e8100000,0x00000000e9300000)
 ParOldGen       total 137216K, used 35486K [0x00000000a0000000, 0x00000000a8600000, 0x00000000e0000000)
  object space 137216K, 25% used [0x00000000a0000000,0x00000000a22a7a40,0x00000000a8600000)
 Metaspace       used 58939K, capacity 61098K, committed 61272K, reserved 1101824K
  class space    used 7995K, capacity 8562K, committed 8576K, reserved 1048576K
Event: 135.452 GC heap after
Heap after GC invocations=16 (full 3):
 PSYoungGen      total 150528K, used 16021K [0x00000000e0000000, 0x00000000ec680000, 0x0000000100000000)
  eden space 132096K, 0% used [0x00000000e0000000,0x00000000e0000000,0x00000000e8100000)
  from space 18432K, 86% used [0x00000000e8100000,0x00000000e90a5610,0x00000000e9300000)
  to   space 20480K, 0% used [0x00000000eb280000,0x00000000eb280000,0x00000000ec680000)
 ParOldGen       total 137216K, used 35494K [0x00000000a0000000, 0x00000000a8600000, 0x00000000e0000000)
  object space 137216K, 25% used [0x00000000a0000000,0x00000000a22a9a40,0x00000000a8600000)
 Metaspace       used 58939K, capacity 61098K, committed 61272K, reserved 1101824K
  class space    used 7995K, capacity 8562K, committed 8576K, reserved 1048576K
}

Deoptimization events (10 events):
Event: 134.842 Thread 0x00000000185fd000 Uncommon trap: reason=class_check action=maybe_recompile pc=0x0000000003f943dc method=com.google.common.collect.AbstractMapBasedMultimap$WrappedCollection.refreshIfEmpty()V @ 59
Event: 134.842 Thread 0x00000000185fd000 Uncommon trap: reason=class_check action=maybe_recompile pc=0x00000000035553c0 method=com.google.common.collect.AbstractMapBasedMultimap$WrappedCollection.refreshIfEmpty()V @ 59
Event: 135.290 Thread 0x0000000019277000 Uncommon trap: reason=unstable_if action=reinterpret pc=0x0000000003367518 method=java.lang.String.regionMatches(ZILjava/lang/String;II)Z @ 102
Event: 136.698 Thread 0x00000000185fd000 Uncommon trap: reason=class_check action=maybe_recompile pc=0x00000000042f57d0 method=kotlin.reflect.jvm.internal.impl.protobuf.CodedInputStream.tryRefillBuffer(I)Z @ 177
Event: 136.715 Thread 0x00000000185fd000 Uncommon trap: reason=class_check action=maybe_recompile pc=0x00000000042f57d0 method=kotlin.reflect.jvm.internal.impl.protobuf.CodedInputStream.tryRefillBuffer(I)Z @ 177
Event: 136.715 Thread 0x00000000185fd000 Uncommon trap: reason=class_check action=maybe_recompile pc=0x00000000042f57d0 method=kotlin.reflect.jvm.internal.impl.protobuf.CodedInputStream.tryRefillBuffer(I)Z @ 177
Event: 136.717 Thread 0x00000000185fd000 Uncommon trap: reason=unstable_if action=reinterpret pc=0x0000000004303854 method=kotlin.reflect.jvm.internal.impl.protobuf.CodedInputStream.readRawVarint32()I @ 69
Event: 136.720 Thread 0x00000000185fd000 Uncommon trap: reason=unstable_if action=reinterpret pc=0x00000000042e81c0 method=kotlin.reflect.jvm.internal.impl.protobuf.CodedInputStream.readRawVarint32()I @ 69
Event: 136.723 Thread 0x00000000185fd000 Uncommon trap: reason=class_check action=maybe_recompile pc=0x00000000042f57d0 method=kotlin.reflect.jvm.internal.impl.protobuf.CodedInputStream.tryRefillBuffer(I)Z @ 177
Event: 137.193 Thread 0x00000000185fd000 Uncommon trap: reason=null_check action=make_not_entrant pc=0x0000000004369fa8 method=java.lang.reflect.Array.newInstance(Ljava/lang/Class;I)Ljava/lang/Object; @ 2

Classes redefined (0 events):
No events

Internal exceptions (10 events):
Event: 136.013 Thread 0x00000000185fd000 Exception <a 'java/lang/ClassNotFoundException': org/codehaus/groovy/runtime/HandleMetaClassBeanInfo> (0x00000000e0a4e360) thrown at [D:\src\AOSP-openjdk-cygwin\jdk8u\hotspot\src\share\vm\classfile\systemDictionary.cpp, line 210]
Event: 136.014 Thread 0x00000000185fd000 Exception <a 'java/lang/ClassNotFoundException': groovy/lang/DelegatingMetaClassBeanInfo> (0x00000000e0a5d338) thrown at [D:\src\AOSP-openjdk-cygwin\jdk8u\hotspot\src\share\vm\classfile\systemDictionary.cpp, line 210]
Event: 136.014 Thread 0x00000000185fd000 Exception <a 'java/lang/ClassNotFoundException': groovy/lang/DelegatingMetaClassCustomizer> (0x00000000e0a6c748) thrown at [D:\src\AOSP-openjdk-cygwin\jdk8u\hotspot\src\share\vm\classfile\systemDictionary.cpp, line 210]
Event: 136.016 Thread 0x00000000185fd000 Exception <a 'java/lang/ClassNotFoundException': org/codehaus/groovy/runtime/HandleMetaClassCustomizer> (0x00000000e0aa3258) thrown at [D:\src\AOSP-openjdk-cygwin\jdk8u\hotspot\src\share\vm\classfile\systemDictionary.cpp, line 210]
Event: 136.019 Thread 0x00000000185fd000 Exception <a 'java/lang/ClassNotFoundException': org/codehaus/groovy/reflection/CachedMethodBeanInfo> (0x00000000e0ae9f18) thrown at [D:\src\AOSP-openjdk-cygwin\jdk8u\hotspot\src\share\vm\classfile\systemDictionary.cpp, line 210]
Event: 136.020 Thread 0x00000000185fd000 Exception <a 'java/lang/ClassNotFoundException': groovy/lang/MetaMethodBeanInfo> (0x00000000e0af71e8) thrown at [D:\src\AOSP-openjdk-cygwin\jdk8u\hotspot\src\share\vm\classfile\systemDictionary.cpp, line 210]
Event: 136.021 Thread 0x00000000185fd000 Exception <a 'java/lang/ClassNotFoundException': org/codehaus/groovy/reflection/ParameterTypesBeanInfo> (0x00000000e0b08f30) thrown at [D:\src\AOSP-openjdk-cygwin\jdk8u\hotspot\src\share\vm\classfile\systemDictionary.cpp, line 210]
Event: 136.022 Thread 0x00000000185fd000 Exception <a 'java/lang/ClassNotFoundException': org/codehaus/groovy/reflection/ParameterTypesCustomizer> (0x00000000e0b1b028) thrown at [D:\src\AOSP-openjdk-cygwin\jdk8u\hotspot\src\share\vm\classfile\systemDictionary.cpp, line 210]
Event: 136.023 Thread 0x00000000185fd000 Exception <a 'java/lang/ClassNotFoundException': groovy/lang/MetaMethodCustomizer> (0x00000000e0b30f68) thrown at [D:\src\AOSP-openjdk-cygwin\jdk8u\hotspot\src\share\vm\classfile\systemDictionary.cpp, line 210]
Event: 136.024 Thread 0x00000000185fd000 Exception <a 'java/lang/ClassNotFoundException': org/codehaus/groovy/reflection/CachedMethodCustomizer> (0x00000000e0b520e8) thrown at [D:\src\AOSP-openjdk-cygwin\jdk8u\hotspot\src\share\vm\classfile\systemDictionary.cpp, line 210]

Events (10 events):
Event: 137.318 loading class org/jetbrains/kotlin/utils/StringsKt
Event: 137.318 loading class org/jetbrains/kotlin/utils/StringsKt done
Event: 137.320 loading class org/jetbrains/kotlin/utils/SmartList$EmptyIterator
Event: 137.320 loading class org/jetbrains/kotlin/utils/SmartList$EmptyIterator done
Event: 137.388 loading class org/jetbrains/kotlin/gradle/ArgsInfoImpl
Event: 137.388 loading class org/jetbrains/kotlin/gradle/ArgsInfoImpl done
Event: 137.389 loading class org/jetbrains/kotlin/gradle/ArgsInfo
Event: 137.389 loading class org/jetbrains/kotlin/gradle/ArgsInfo done
Event: 137.396 Thread 0x00000000185fd000 DEOPT PACKING pc=0x000000000374b846 sp=0x000000001a6a9b40
Event: 137.396 Thread 0x00000000185fd000 DEOPT UNPACKING pc=0x0000000002b675bf sp=0x000000001a6a9960 mode 0


Dynamic libraries:
0x00007ff64c680000 - 0x00007ff64c6b1000 	C:\Program Files\Android\Android Studio\jre\bin\java.exe
0x00007ffb6cbe0000 - 0x00007ffb6cdc1000 	C:\WINDOWS\SYSTEM32\ntdll.dll
0x00007ffb6bb80000 - 0x00007ffb6bc32000 	C:\WINDOWS\System32\KERNEL32.DLL
0x00007ffb69df0000 - 0x00007ffb6a063000 	C:\WINDOWS\System32\KERNELBASE.dll
0x00007ffb6a1d0000 - 0x00007ffb6a271000 	C:\WINDOWS\System32\ADVAPI32.dll
0x00007ffb6bdd0000 - 0x00007ffb6be6e000 	C:\WINDOWS\System32\msvcrt.dll
0x00007ffb6ba10000 - 0x00007ffb6ba6b000 	C:\WINDOWS\System32\sechost.dll
0x00007ffb6ca60000 - 0x00007ffb6cb84000 	C:\WINDOWS\System32\RPCRT4.dll
0x00007ffb6bc40000 - 0x00007ffb6bdd0000 	C:\WINDOWS\System32\USER32.dll
0x00007ffb69150000 - 0x00007ffb69170000 	C:\WINDOWS\System32\win32u.dll
0x00007ffb6c430000 - 0x00007ffb6c458000 	C:\WINDOWS\System32\GDI32.dll
0x00007ffb68fb0000 - 0x00007ffb69142000 	C:\WINDOWS\System32\gdi32full.dll
0x00007ffb695f0000 - 0x00007ffb6968f000 	C:\WINDOWS\System32\msvcp_win.dll
0x00007ffb69170000 - 0x00007ffb6926a000 	C:\WINDOWS\System32\ucrtbase.dll
0x00007ffb59df0000 - 0x00007ffb5a059000 	C:\WINDOWS\WinSxS\amd64_microsoft.windows.common-controls_6595b64144ccf1df_6.0.17134.472_none_fb3f9af53068156d\COMCTL32.dll
0x00007ffb6c100000 - 0x00007ffb6c422000 	C:\WINDOWS\System32\combase.dll
0x00007ffb69270000 - 0x00007ffb692ea000 	C:\WINDOWS\System32\bcryptPrimitives.dll
0x00007ffb6c0d0000 - 0x00007ffb6c0fd000 	C:\WINDOWS\System32\IMM32.DLL
0x000000006c540000 - 0x000000006c612000 	C:\Program Files\Android\Android Studio\jre\jre\bin\msvcr100.dll
0x000000006c620000 - 0x000000006ce5e000 	C:\Program Files\Android\Android Studio\jre\jre\bin\server\jvm.dll
0x00007ffb6be70000 - 0x00007ffb6be78000 	C:\WINDOWS\System32\PSAPI.DLL
0x00007ffb5a0c0000 - 0x00007ffb5a0c9000 	C:\WINDOWS\SYSTEM32\WSOCK32.dll
0x00007ffb6c590000 - 0x00007ffb6c5fc000 	C:\WINDOWS\System32\WS2_32.dll
0x00007ffb638f0000 - 0x00007ffb63913000 	C:\WINDOWS\SYSTEM32\WINMM.dll
0x00007ffb5a060000 - 0x00007ffb5a06a000 	C:\WINDOWS\SYSTEM32\VERSION.dll
0x00007ffb63870000 - 0x00007ffb6389a000 	C:\WINDOWS\SYSTEM32\WINMMBASE.dll
0x00007ffb69da0000 - 0x00007ffb69de9000 	C:\WINDOWS\System32\cfgmgr32.dll
0x00007ffb63f00000 - 0x00007ffb63f0f000 	C:\Program Files\Android\Android Studio\jre\jre\bin\verify.dll
0x00007ffb63ed0000 - 0x00007ffb63ef9000 	C:\Program Files\Android\Android Studio\jre\jre\bin\java.dll
0x00007ffb62fc0000 - 0x00007ffb62fd6000 	C:\Program Files\Android\Android Studio\jre\jre\bin\zip.dll
0x00007ffb6a460000 - 0x00007ffb6b8a0000 	C:\WINDOWS\System32\SHELL32.dll
0x00007ffb6c020000 - 0x00007ffb6c0c9000 	C:\WINDOWS\System32\shcore.dll
0x00007ffb69690000 - 0x00007ffb69d9d000 	C:\WINDOWS\System32\windows.storage.dll
0x00007ffb6a280000 - 0x00007ffb6a2d1000 	C:\WINDOWS\System32\shlwapi.dll
0x00007ffb68f90000 - 0x00007ffb68fa1000 	C:\WINDOWS\System32\kernel.appcore.dll
0x00007ffb68f70000 - 0x00007ffb68f8f000 	C:\WINDOWS\System32\profapi.dll
0x00007ffb68f20000 - 0x00007ffb68f6c000 	C:\WINDOWS\System32\powrprof.dll
0x00007ffb68f10000 - 0x00007ffb68f1a000 	C:\WINDOWS\System32\FLTLIB.DLL
0x00007ffb62fa0000 - 0x00007ffb62fba000 	C:\Program Files\Android\Android Studio\jre\jre\bin\net.dll
0x00007ffb68770000 - 0x00007ffb687d6000 	C:\WINDOWS\system32\mswsock.dll
0x00007ffb5d310000 - 0x00007ffb5d321000 	C:\Program Files\Android\Android Studio\jre\jre\bin\nio.dll
0x00007ffb5d2e0000 - 0x00007ffb5d2fe000 	C:\Users\kinso\.gradle\native\25\windows-amd64\native-platform.dll
0x00007ffb63ec0000 - 0x00007ffb63ecd000 	C:\Program Files\Android\Android Studio\jre\jre\bin\management.dll
0x00007ffb68920000 - 0x00007ffb68937000 	C:\WINDOWS\SYSTEM32\CRYPTSP.dll
0x00007ffb68350000 - 0x00007ffb68383000 	C:\WINDOWS\system32\rsaenh.dll
0x00007ffb68a50000 - 0x00007ffb68a75000 	C:\WINDOWS\SYSTEM32\bcrypt.dll
0x00007ffb68e20000 - 0x00007ffb68e48000 	C:\WINDOWS\SYSTEM32\USERENV.dll
0x00007ffb68940000 - 0x00007ffb6894b000 	C:\WINDOWS\SYSTEM32\CRYPTBASE.dll
0x00007ffb684f0000 - 0x00007ffb68528000 	C:\WINDOWS\SYSTEM32\IPHLPAPI.DLL
0x00007ffb6bb70000 - 0x00007ffb6bb78000 	C:\WINDOWS\System32\NSI.dll
0x00007ffb5f580000 - 0x00007ffb5f596000 	C:\WINDOWS\SYSTEM32\dhcpcsvc6.DLL
0x00007ffb5f560000 - 0x00007ffb5f57a000 	C:\WINDOWS\SYSTEM32\dhcpcsvc.DLL

VM Arguments:
jvm_args: -Xmx1536m -Dfile.encoding=x-windows-949 -Duser.country=KR -Duser.language=ko -Duser.variant 
java_command: org.gradle.launcher.daemon.bootstrap.GradleDaemon 4.1
java_class_path (initial): C:\Users\kinso\.gradle\wrapper\dists\gradle-4.1-all\bzyivzo6n839fup2jbap0tjew\gradle-4.1\lib\gradle-launcher-4.1.jar
Launcher Type: SUN_STANDARD

Environment Variables:
JAVA_HOME=C:\Program Files\Java\jdk1.8.0_181
CLASSPATH=,;
PATH=C:\Program Files\nodejs;C:\Program Files\R\R-3.5.1\bin;C:\Program Files\R\R-3.5.1\bin;C:\Program Files\nodejs;C:\oraclexe\app\oracle\product\11.2.0\server\bin;C:\Program Files\Java\jdk-9.0.4\bin;C:\ProgramData\Oracle\Java\javapath;C:\Windows\system32;C:\Windows;C:\Windows\System32\Wbem;C:\Windows\System32\WindowsPowerShell\v1.0\;C:\Program Files\Git\cmd;C:\Program Files\MySQL\MySQL Utilities 1.6\;C:\Users\kinso\AppData\Local\Programs\Python\Python36-32\Scripts\;C:\Users\kinso\AppData\Local\Programs\Python\Python36-32\;C:\Users\kinso\AppData\Local\Microsoft\WindowsApps;C:\Program Files\Microsoft VS Code\bin;C:\Program Files\Docker Toolbox;C:\Program Files\MySQL Server 5.7\bin;C:\Users\kinso\AppData\Local\Microsoft\WindowsApps;C:\Users\kinso\AppData\Local\GitHubDesktop\bin;C:\Users\kinso\AppData\Local\atom\bin;C:\Users\kinso\AppData\Roaming\npm;C:\ProgramData\Microsoft\Windows\Start Menu\Programs\Node.js;
USERNAME=kinso
OS=Windows_NT
PROCESSOR_IDENTIFIER=Intel64 Family 6 Model 61 Stepping 4, GenuineIntel



---------------  S Y S T E M  ---------------

OS: Windows 10.0 , 64 bit Build 17134 (10.0.17134.1)

CPU:total 4 (initial active 4) (2 cores per cpu, 2 threads per core) family 6 model 61 stepping 4, cmov, cx8, fxsr, mmx, sse, sse2, sse3, ssse3, sse4.1, sse4.2, popcnt, avx, avx2, aes, clmul, erms, 3dnowpref, lzcnt, ht, tsc, tscinvbit, bmi1, bmi2, adx

Memory: 4k page, physical 8301988k(1036684k free), swap 26289384k(4448k free)

vm_info: OpenJDK 64-Bit Server VM (25.152-b01) for windows-amd64 JRE (1.8.0_152-release-915-b01), built by "builder" with MS VC++ 10.0 (VS2010)

time: Sat Dec 29 12:07:05 2018
elapsed time: 138 seconds (0d 0h 2m 18s)

